<?xml version="1.0" encoding="UTF-8"?>
<!-- Generated by org.testng.reporters.JUnitXMLReporter -->
<testsuite ignored="0" hostname="DESKTOP-UG8P388" failures="0" tests="1" name="ChromeTest" time="13.992" errors="0" timestamp="2026-04-18T18:19:25 IST">
  <testcase classname="testBase.BaseClass" name="@BeforeClass setup" time="13.488">
    <failure type="org.openqa.selenium.remote.UnreachableBrowserException" message="Error communicating with the remote browser. It may have died.
Build info: version: &amp;apos;4.41.0&amp;apos;, revision: &amp;apos;9fc754f&amp;apos;
System info: os.name: &amp;apos;Windows 10&amp;apos;, os.arch: &amp;apos;amd64&amp;apos;, os.version: &amp;apos;10.0&amp;apos;, java.version: &amp;apos;23.0.2&amp;apos;
Driver info: org.openqa.selenium.remote.RemoteWebDriver
Command: [0f7904c15300cbaac3c45290ce4c841b, maximizeCurrentWindow []]
Capabilities {acceptInsecureCerts: false, browserName: MicrosoftEdge, browserVersion: 147.0.3912.60, fedcm:accounts: true, goog:processID: 14956, ms:edgeOptions: {debuggerAddress: localhost:64885}, msedge: {msedgedriverVersion: 147.0.3912.72 (d4380ba2b9dc..., userDataDir: C:\Users\sibud\AppData\Loca...}, networkConnectionEnabled: false, pageLoadStrategy: normal, platformName: Windows 10, proxy: Proxy(), se:bidiEnabled: false, se:cdp: ws://192.168.29.107:4444/se..., se:cdpVersion: 147.0.3912.60, setWindowRect: true, strictFileInteractability: false, timeouts: {implicit: 0, pageLoad: 300000, script: 30000}, unhandledPromptBehavior: dismiss and notify, webauthn:extension:credBlob: true, webauthn:extension:largeBlob: true, webauthn:extension:minPinLength: true, webauthn:extension:prf: true, webauthn:virtualAuthenticators: true}">
      <![CDATA[org.openqa.selenium.remote.UnreachableBrowserException: Error communicating with the remote browser. It may have died.
Build info: version: '4.41.0', revision: '9fc754f'
System info: os.name: 'Windows 10', os.arch: 'amd64', os.version: '10.0', java.version: '23.0.2'
Driver info: org.openqa.selenium.remote.RemoteWebDriver
Command: [0f7904c15300cbaac3c45290ce4c841b, maximizeCurrentWindow []]
Capabilities {acceptInsecureCerts: false, browserName: MicrosoftEdge, browserVersion: 147.0.3912.60, fedcm:accounts: true, goog:processID: 14956, ms:edgeOptions: {debuggerAddress: localhost:64885}, msedge: {msedgedriverVersion: 147.0.3912.72 (d4380ba2b9dc..., userDataDir: C:\Users\sibud\AppData\Loca...}, networkConnectionEnabled: false, pageLoadStrategy: normal, platformName: Windows 10, proxy: Proxy(), se:bidiEnabled: false, se:cdp: ws://192.168.29.107:4444/se..., se:cdpVersion: 147.0.3912.60, setWindowRect: true, strictFileInteractability: false, timeouts: {implicit: 0, pageLoad: 300000, script: 30000}, unhandledPromptBehavior: dismiss and notify, webauthn:extension:credBlob: true, webauthn:extension:largeBlob: true, webauthn:extension:minPinLength: true, webauthn:extension:prf: true, webauthn:virtualAuthenticators: true}
at org.openqa.selenium.remote.RemoteWebDriver.execute(RemoteWebDriver.java:640)
at org.openqa.selenium.remote.RemoteWebDriver.execute(RemoteWebDriver.java:686)
at org.openqa.selenium.remote.RemoteWebDriver.execute(RemoteWebDriver.java:690)
at org.openqa.selenium.remote.RemoteWebDriver$RemoteWebDriverOptions$RemoteWindow.maximize(RemoteWebDriver.java:1197)
at testBase.BaseClass.setup(BaseClass.java:96)
at java.base/java.util.ArrayList.forEach(ArrayList.java:1597)
at java.base/java.util.concurrent.FutureTask.run(FutureTask.java:317)
at java.base/java.util.concurrent.ThreadPoolExecutor.runWorker(ThreadPoolExecutor.java:1144)
at java.base/java.util.concurrent.ThreadPoolExecutor$Worker.run(ThreadPoolExecutor.java:642)
at java.base/java.lang.Thread.run(Thread.java:1575)
Caused by: java.io.UncheckedIOException: Failed to execute request (POST http://192.168.29.107:4444/wd/hub/session/0f7904c15300cbaac3c45290ce4c841b/window/maximize)
at org.openqa.selenium.remote.http.jdk.JdkHttpClient.execute0(JdkHttpClient.java:491)
at org.openqa.selenium.remote.http.AddSeleniumUserAgent.lambda$apply$0(AddSeleniumUserAgent.java:44)
at org.openqa.selenium.remote.http.Filter.lambda$andFinally$1(Filter.java:55)
at org.openqa.selenium.remote.http.jdk.JdkHttpClient.lambda$executeAsync$2(JdkHttpClient.java:389)
at java.base/java.util.concurrent.Executors$RunnableAdapter.call(Executors.java:572)
... 4 more
Caused by: java.io.IOException: Task jdk.internal.net.http.common.SequentialScheduler$SchedulableTask@649ec1e rejected from java.util.concurrent.ThreadPoolExecutor@636d404e[Shutting down, pool size = 5, active threads = 2, queued tasks = 0, completed tasks = 29]
at java.net.http/jdk.internal.net.http.HttpClientImpl.send(HttpClientImpl.java:973)
at java.net.http/jdk.internal.net.http.HttpClientFacade.send(HttpClientFacade.java:133)
at org.openqa.selenium.remote.http.jdk.JdkHttpClient.execute0(JdkHttpClient.java:463)
... 8 more
Caused by: java.util.concurrent.RejectedExecutionException: Task jdk.internal.net.http.common.SequentialScheduler$SchedulableTask@649ec1e rejected from java.util.concurrent.ThreadPoolExecutor@636d404e[Shutting down, pool size = 5, active threads = 2, queued tasks = 0, completed tasks = 29]
at java.base/java.util.concurrent.ThreadPoolExecutor$AbortPolicy.rejectedExecution(ThreadPoolExecutor.java:2082)
at java.base/java.util.concurrent.ThreadPoolExecutor.reject(ThreadPoolExecutor.java:841)
at java.base/java.util.concurrent.ThreadPoolExecutor.execute(ThreadPoolExecutor.java:1377)
at java.net.http/jdk.internal.net.http.HttpClientImpl$DelegatingExecutor.ensureExecutedAsync(HttpClientImpl.java:184)
at java.net.http/jdk.internal.net.http.HttpClientImpl$DelegatingExecutor.execute(HttpClientImpl.java:176)
at java.net.http/jdk.internal.net.http.common.SequentialScheduler.runOrSchedule(SequentialScheduler.java:282)
at java.net.http/jdk.internal.net.http.common.SequentialScheduler.runOrSchedule(SequentialScheduler.java:251)
at java.net.http/jdk.internal.net.http.Http1AsyncReceiver.asyncReceive(Http1AsyncReceiver.java:468)
at java.net.http/jdk.internal.net.http.Http1AsyncReceiver$Http1TubeSubscriber.onNext(Http1AsyncReceiver.java:589)
at java.net.http/jdk.internal.net.http.Http1AsyncReceiver$Http1TubeSubscriber.onNext(Http1AsyncReceiver.java:546)
at java.net.http/jdk.internal.net.http.SocketTube$InternalReadPublisher$InternalReadSubscription.read(SocketTube.java:865)
at java.net.http/jdk.internal.net.http.SocketTube$SocketFlowTask.run(SocketTube.java:181)
at java.net.http/jdk.internal.net.http.common.SequentialScheduler$SchedulableTask.run(SequentialScheduler.java:207)
at java.net.http/jdk.internal.net.http.common.SequentialScheduler.runOrSchedule(SequentialScheduler.java:280)
at java.net.http/jdk.internal.net.http.common.SequentialScheduler.runOrSchedule(SequentialScheduler.java:233)
at java.net.http/jdk.internal.net.http.SocketTube$InternalReadPublisher$InternalReadSubscription.signalReadable(SocketTube.java:782)
at java.net.http/jdk.internal.net.http.SocketTube$InternalReadPublisher$ReadEvent.signalEvent(SocketTube.java:965)
at java.net.http/jdk.internal.net.http.SocketTube$SocketFlowEvent.handle(SocketTube.java:253)
at java.net.http/jdk.internal.net.http.HttpClientImpl$SelectorManager.handleEvent(HttpClientImpl.java:1478)
at java.net.http/jdk.internal.net.http.HttpClientImpl$SelectorManager.lambda$run$3(HttpClientImpl.java:1423)
at java.base/java.util.ArrayList.forEach(ArrayList.java:1597)
at java.net.http/jdk.internal.net.http.HttpClientImpl$SelectorManager.run(HttpClientImpl.java:1423)
... Removed 13 stack frames]]>
    </failure>
  </testcase> <!-- @BeforeClass setup -->
  <testcase classname="testBase.BaseClass" name="@AfterClass tearDown" time="0.0">
    <skipped/>
  </testcase> <!-- @AfterClass tearDown -->
  <testcase classname="testCases.TC001_AccountRegTest" name="verify_account_registration" time="5.762"/>
</testsuite> <!-- ChromeTest -->
