<?xml version="1.0" encoding="UTF-8"?>
<!-- Generated by org.testng.reporters.JUnitXMLReporter -->
<testsuite ignored="0" hostname="DESKTOP-UG8P388" failures="1" tests="2" name="Linux-Chrome" time="44.277" errors="0" timestamp="2026-04-25T11:16:25 IST">
  <testcase classname="testCases.TC001_AccountRegTest" name="verify_account_registration" time="8.763"/>
  <testcase classname="testCases.TC002_LoginTest" name="Verify_login" time="14.115">
    <failure type="java.lang.AssertionError" message="expected [true] but found [false]">
      <![CDATA[java.lang.AssertionError: expected [true] but found [false]
at testCases.TC002_LoginTest.Verify_login(TC002_LoginTest.java:36)
at java.base/java.util.ArrayList.forEach(ArrayList.java:1597)
... Removed 29 stack frames]]>
    </failure>
  </testcase> <!-- Verify_login -->
</testsuite> <!-- Linux-Chrome -->
