<?xml version="1.0" encoding="UTF-8"?>
<!-- Generated by org.testng.reporters.JUnitReportReporter -->
<testsuite hostname="DESKTOP-UG8P388" failures="0" tests="4" name="testCases.TC003_LoginDDT" time="31.246" errors="0" timestamp="2026-04-18T18:18:13 IST" skipped="0">
  <testcase classname="testCases.TC003_LoginDDT" name="verify_loginDDT" time="2.985"/>
  <testcase classname="testCases.TC003_LoginDDT" name="verify_loginDDT" time="4.309"/>
  <testcase classname="testCases.TC003_LoginDDT" name="verify_loginDDT" time="12.599"/>
  <testcase classname="testCases.TC003_LoginDDT" name="verify_loginDDT" time="11.353"/>
</testsuite> <!-- testCases.TC003_LoginDDT -->
